<?xml version="1.0" encoding="UTF-8"?>
<!-- Generated by org.testng.reporters.JUnitReportReporter -->
<testsuite skipped="0" hostname="DESKTOP-20FUL3E" name="com.MMT.testcases.HotelSearchPageTest" tests="1" failures="0" timestamp="2020-12-12T20:58:05 IST" time="24.640" errors="0">
  <testcase name="hotelsearchFieldTest" time="24.640" classname="com.MMT.testcases.HotelSearchPageTest"/>
  <system-out/>
</testsuite> <!-- com.MMT.testcases.HotelSearchPageTest -->
