<?xml version="1.0" encoding="UTF-8"?>
<!-- Generated by org.testng.reporters.JUnitReportReporter -->
<testsuite skipped="0" hostname="DESKTOP-20FUL3E" name="com.MMT.testcases.FlightSearchPageTest" tests="3" failures="0" timestamp="2020-12-24T11:36:33 IST" time="66.333" errors="0">
  <testcase name="searchFieldTest" time="43.949" classname="com.MMT.testcases.FlightSearchPageTest"/>
  <system-out/>
  <testcase name="FlightSearchPageTitleTest" time="11.397" classname="com.MMT.testcases.FlightSearchPageTest"/>
  <system-out/>
  <testcase name="ValidateFlightImageTest" time="10.987" classname="com.MMT.testcases.FlightSearchPageTest"/>
  <system-out/>
</testsuite> <!-- com.MMT.testcases.FlightSearchPageTest -->
