<?xml version="1.0" encoding="UTF-8"?>
<!-- Generated by org.testng.reporters.JUnitReportReporter -->
<testsuite skipped="0" hostname="DESKTOP-20FUL3E" name="com.MMT.testcases.FlightSearchPageTest" tests="3" failures="0" timestamp="2020-12-14T09:36:12 IST" time="85.612" errors="0">
  <testcase name="searchFieldTest" time="56.682" classname="com.MMT.testcases.FlightSearchPageTest"/>
  <system-out/>
  <testcase name="FlightSearchPageTitleTest" time="12.601" classname="com.MMT.testcases.FlightSearchPageTest"/>
  <system-out/>
  <testcase name="ValidateFlightImageTest" time="16.329" classname="com.MMT.testcases.FlightSearchPageTest"/>
  <system-out/>
</testsuite> <!-- com.MMT.testcases.FlightSearchPageTest -->
