<?xml version="1.0" encoding="UTF-8"?>
<!-- Generated by org.testng.reporters.JUnitReportReporter -->
<testsuite skipped="0" hostname="DESKTOP-20FUL3E" name="com.MMT.testcases.HotelSearchResultPageTest" tests="1" failures="0" timestamp="2020-12-24T11:51:01 IST" time="34.943" errors="0">
  <testcase name="verifyHotelSearchResult" time="34.943" classname="com.MMT.testcases.HotelSearchResultPageTest"/>
  <system-out/>
</testsuite> <!-- com.MMT.testcases.HotelSearchResultPageTest -->
