<?xml version="1.0" encoding="UTF-8"?>
<!-- Generated by org.testng.reporters.JUnitReportReporter -->
<testsuite skipped="0" hostname="DESKTOP-805UE8S" name="com.MMT.testcases.CabSearchPageTest" tests="1" failures="0" timestamp="18 Aug 2020 16:26:48 GMT" time="65.304" errors="0">
  <testcase name="validateCabSearchTest" time="65.304" classname="com.MMT.testcases.CabSearchPageTest"/>
</testsuite> <!-- com.MMT.testcases.CabSearchPageTest -->
