<?xml version="1.0" encoding="UTF-8"?>
<!-- Generated by org.testng.reporters.JUnitReportReporter -->
<testsuite skipped="0" hostname="DESKTOP-805UE8S" name="com.MMT.testcases.BusSearchPageTest" tests="1" failures="0" timestamp="13 Sep 2020 12:12:20 GMT" time="61.782" errors="0">
  <testcase name="ValidateBusSearch" time="61.782" classname="com.MMT.testcases.BusSearchPageTest"/>
</testsuite> <!-- com.MMT.testcases.BusSearchPageTest -->
